<?xml version="1.0" encoding="UTF-8"?>
<!-- Generated by org.testng.reporters.JUnitReportReporter -->
<testsuite hostname="user" name="com.cucumberFramework.testRunner.SalesPageRunner" tests="1" failures="0" timestamp="4 Mar 2019 20:33:24 GMT" time="32.522" errors="0">
  <testcase name="feature" time="32.522" classname="com.cucumberFramework.testRunner.SalesPageRunner"/>
</testsuite> <!-- com.cucumberFramework.testRunner.SalesPageRunner -->
