<?xml version="1.0" encoding="UTF-8"?>
<!-- Generated by org.testng.reporters.JUnitReportReporter -->
<testsuite hostname="Darryls-MacBook-Pro.local" name="com.cucumberFramework.testRunner.ChefOrderDetails" tests="1" failures="0" timestamp="23 Apr 2019 20:02:16 GMT" time="103.537" errors="0">
  <testcase name="feature" time="103.537" classname="com.cucumberFramework.testRunner.ChefOrderDetails"/>
</testsuite> <!-- com.cucumberFramework.testRunner.ChefOrderDetails -->
