<?xml version="1.0" encoding="UTF-8"?>
<!-- Generated by org.testng.reporters.JUnitReportReporter -->
<testsuite hostname="Darryls-MacBook-Pro.local" name="com.cucumberFramework.testRunner.SurveyTest" tests="1" failures="0" timestamp="7 May 2019 18:36:27 GMT" time="128.992" errors="0">
  <testcase name="feature" time="128.992" classname="com.cucumberFramework.testRunner.SurveyTest"/>
</testsuite> <!-- com.cucumberFramework.testRunner.SurveyTest -->
