<?xml version="1.0" encoding="UTF-8"?>
<!-- Generated by org.testng.reporters.JUnitReportReporter -->
<testsuite hostname="Darryls-MacBook-Pro.local" name="com.cucumberFramework.testRunner.OrderFor11PMscheduledCharge" tests="1" failures="0" timestamp="28 May 2019 21:34:26 GMT" time="22.902" errors="0">
  <testcase name="feature" time="22.902" classname="com.cucumberFramework.testRunner.OrderFor11PMscheduledCharge"/>
</testsuite> <!-- com.cucumberFramework.testRunner.OrderFor11PMscheduledCharge -->
