<?xml version="1.0" encoding="UTF-8"?>
<!-- Generated by org.testng.reporters.JUnitReportReporter -->
<testsuite hostname="Darryls-MacBook-Pro.local" name="com.cucumberFramework.testRunner.AutoSurveyEmailTest" tests="1" failures="0" timestamp="1 Apr 2019 14:58:51 GMT" time="15.858" errors="0">
  <testcase name="feature" time="15.858" classname="com.cucumberFramework.testRunner.AutoSurveyEmailTest"/>
</testsuite> <!-- com.cucumberFramework.testRunner.AutoSurveyEmailTest -->
