<?xml version="1.0" encoding="UTF-8"?>
<!-- Generated by org.testng.reporters.JUnitReportReporter -->
<testsuite hostname="Darryls-MacBook-Pro.local" name="com.cucumberFramework.testRunner.OrderForNoonOrderReminder" tests="1" failures="0" timestamp="1 May 2019 17:12:09 GMT" time="22.912" errors="0">
  <testcase name="feature" time="22.912" classname="com.cucumberFramework.testRunner.OrderForNoonOrderReminder"/>
</testsuite> <!-- com.cucumberFramework.testRunner.OrderForNoonOrderReminder -->
