<?xml version="1.0" encoding="UTF-8"?>
<!-- Generated by org.testng.reporters.JUnitReportReporter -->
<testsuite hostname="Darryls-MacBook-Pro.local" name="com.cucumberFramework.testRunner.OrderFor5pmOrderReminder" tests="1" failures="0" timestamp="28 May 2019 21:31:37 GMT" time="23.446" errors="0">
  <testcase name="feature" time="23.446" classname="com.cucumberFramework.testRunner.OrderFor5pmOrderReminder"/>
</testsuite> <!-- com.cucumberFramework.testRunner.OrderFor5pmOrderReminder -->
