<?xml version="1.0" encoding="UTF-8"?>
<!-- Generated by org.testng.reporters.JUnitReportReporter -->
<testsuite hostname="Darryls-MacBook-Pro.local" name="com.cucumberFramework.testRunner.TestRunner" tests="1" failures="0" timestamp="9 Aug 2019 16:57:58 GMT" time="77.009" errors="0">
  <testcase name="feature" time="77.009" classname="com.cucumberFramework.testRunner.TestRunner"/>
</testsuite> <!-- com.cucumberFramework.testRunner.TestRunner -->
