<?xml version="1.0" encoding="UTF-8"?>
<!-- Generated by org.testng.reporters.JUnitReportReporter -->
<testsuite hostname="Darryls-MacBook-Pro.local" name="com.cucumberFramework.testRunner.OrderForNoonOrderReminder" tests="6" failures="0" timestamp="25 Jul 2019 18:47:29 GMT" time="183.970" errors="0">
  <testcase name="feature" time="25.635" classname="com.cucumberFramework.testRunner.OrderForNoonOrderReminder"/>
  <testcase name="feature" time="57.197" classname="com.cucumberFramework.testRunner.OrderForNoonOrderReminder"/>
  <testcase name="feature" time="36.008" classname="com.cucumberFramework.testRunner.OrderForNoonOrderReminder"/>
  <testcase name="feature" time="20.142" classname="com.cucumberFramework.testRunner.OrderForNoonOrderReminder"/>
  <testcase name="feature" time="26.789" classname="com.cucumberFramework.testRunner.OrderForNoonOrderReminder"/>
  <testcase name="feature" time="18.199" classname="com.cucumberFramework.testRunner.OrderForNoonOrderReminder"/>
</testsuite> <!-- com.cucumberFramework.testRunner.OrderForNoonOrderReminder -->
