<?xml version="1.0" encoding="UTF-8"?>
<!-- Generated by org.testng.reporters.JUnitReportReporter -->
<testsuite hostname="Darryls-MacBook-Pro.local" name="com.cucumberFramework.testRunner.ChefOrderReminder" tests="1" failures="0" timestamp="15 Apr 2019 21:19:13 GMT" time="67.928" errors="0">
  <testcase name="feature" time="67.928" classname="com.cucumberFramework.testRunner.ChefOrderReminder"/>
</testsuite> <!-- com.cucumberFramework.testRunner.ChefOrderReminder -->
