<?xml version="1.0" encoding="UTF-8"?>
<!-- Generated by org.testng.reporters.JUnitReportReporter -->
<testsuite hostname="Darryls-MacBook-Pro.local" name="com.cucumberFramework.testRunner.OrderFor5pmOrderReminder" tests="6" failures="0" timestamp="25 Jul 2019 18:53:41 GMT" time="186.191" errors="0">
  <testcase name="feature" time="25.410" classname="com.cucumberFramework.testRunner.OrderFor5pmOrderReminder"/>
  <testcase name="feature" time="61.681" classname="com.cucumberFramework.testRunner.OrderFor5pmOrderReminder"/>
  <testcase name="feature" time="35.208" classname="com.cucumberFramework.testRunner.OrderFor5pmOrderReminder"/>
  <testcase name="feature" time="19.269" classname="com.cucumberFramework.testRunner.OrderFor5pmOrderReminder"/>
  <testcase name="feature" time="25.114" classname="com.cucumberFramework.testRunner.OrderFor5pmOrderReminder"/>
  <testcase name="feature" time="19.509" classname="com.cucumberFramework.testRunner.OrderFor5pmOrderReminder"/>
</testsuite> <!-- com.cucumberFramework.testRunner.OrderFor5pmOrderReminder -->
